<?xml version="1.0" encoding="UTF-8"?>
<!-- Generated by org.testng.reporters.JUnitReportReporter -->
<testsuite hostname="LAPTOP-NCU2H6H5" failures="0" tests="1" name="practice.CreateOrganiztionTest3" time="18.511" errors="0" timestamp="2022-01-17T17:50:18 IST" skipped="0">
  <testcase classname="practice.CreateOrganiztionTest3" name="CreateOrganiztionTest31" time="18.511"/>
  <system-out/>
</testsuite> <!-- practice.CreateOrganiztionTest3 -->
