<?xml version="1.0" encoding="UTF-8"?>
<!-- Generated by org.testng.reporters.JUnitReportReporter -->
<testsuite hostname="LAPTOP-NCU2H6H5" failures="0" tests="1" name="contactTest.ViewContactTest" time="19.019" errors="0" timestamp="2022-02-01T15:29:52 IST" skipped="0">
  <testcase classname="contactTest.ViewContactTest" name="ViewContact" time="19.019"/>
  <system-out/>
</testsuite> <!-- contactTest.ViewContactTest -->
