<?xml version="1.0" encoding="UTF-8"?>
<!-- Generated by org.testng.reporters.JUnitReportReporter -->
<testsuite hostname="LAPTOP-NCU2H6H5" failures="0" tests="1" name="contactTest.EditContactTest" time="15.635" errors="0" timestamp="2022-01-19T09:57:49 IST" skipped="0">
  <testcase classname="contactTest.EditContactTest" name="ViewContact" time="15.635"/>
  <system-out/>
</testsuite> <!-- contactTest.EditContactTest -->
