<?xml version="1.0" encoding="UTF-8"?>
<!-- Generated by org.testng.reporters.JUnitReportReporter -->
<testsuite hostname="LAPTOP-NCU2H6H5" failures="0" tests="3" name="practice.AnnotationTest" time="0.013" errors="0" timestamp="2022-01-18T12:01:26 IST" skipped="0">
  <testcase classname="practice.AnnotationTest" name="org" time="0.008"/>
  <system-out/>
  <testcase classname="practice.AnnotationTest" name="contact" time="0.003"/>
  <system-out/>
  <testcase classname="practice.AnnotationTest" name="product" time="0.002"/>
  <system-out/>
</testsuite> <!-- practice.AnnotationTest -->
