<?xml version="1.0" encoding="UTF-8"?>
<!-- Generated by org.testng.reporters.JUnitReportReporter -->
<testsuite hostname="LAPTOP-NCU2H6H5" failures="0" tests="4" name="contactTest.ViewContactTest" time="100.216" errors="0" timestamp="2022-01-19T10:27:11 IST" skipped="0">
  <testcase classname="contactTest.ViewContactTest" name="EditContact" time="32.324"/>
  <system-out/>
  <testcase classname="contactTest.ViewContactTest" name="ViewContact" time="18.425"/>
  <system-out/>
  <testcase classname="contactTest.ViewContactTest" name="ViewContact" time="19.668"/>
  <system-out/>
  <testcase classname="contactTest.ViewContactTest" name="EditContact" time="29.799"/>
  <system-out/>
</testsuite> <!-- contactTest.ViewContactTest -->
