<?xml version="1.0" encoding="UTF-8"?>
<!-- Generated by org.testng.reporters.JUnitReportReporter -->
<testsuite hostname="LAPTOP-NCU2H6H5" failures="0" tests="1" name="practice.GetDataFromPropertyFileTest" time="0.002" errors="0" timestamp="2022-01-17T16:14:49 IST" skipped="0">
  <testcase classname="practice.GetDataFromPropertyFileTest" name="GetDataFromPropertyFileTest1" time="0.002"/>
  <system-out/>
</testsuite> <!-- practice.GetDataFromPropertyFileTest -->
