<?xml version="1.0" encoding="UTF-8"?>
<!-- Generated by org.testng.reporters.JUnitReportReporter -->
<testsuite hostname="LAPTOP-NCU2H6H5" failures="0" tests="1" name="contactTest.ViewContactTest" time="9.042" errors="0" timestamp="2022-01-25T10:20:20 IST" skipped="0">
  <testcase classname="contactTest.ViewContactTest" name="ViewContact" time="9.042"/>
  <system-out/>
</testsuite> <!-- contactTest.ViewContactTest -->
