<?xml version="1.0" encoding="UTF-8"?>
<!-- Generated by org.testng.reporters.JUnitReportReporter -->
<testsuite hostname="LAPTOP-NCU2H6H5" failures="0" tests="1" name="contactTest.DeleteContactTest" time="15.322" errors="0" timestamp="2022-01-18T13:25:21 IST" skipped="0">
  <testcase classname="contactTest.DeleteContactTest" name="DeteleContact" time="15.322"/>
  <system-out/>
</testsuite> <!-- contactTest.DeleteContactTest -->
