<?xml version="1.0" encoding="UTF-8"?>
<!-- Generated by org.testng.reporters.JUnitReportReporter -->
<testsuite hostname="LAPTOP-NCU2H6H5" failures="0" tests="1" name="contactTest.DeleteMultipleContactTest" time="20.391" errors="0" timestamp="2022-01-18T13:38:16 IST" skipped="0">
  <testcase classname="contactTest.DeleteMultipleContactTest" name="DeleteMultipleContact" time="20.391"/>
  <system-out/>
</testsuite> <!-- contactTest.DeleteMultipleContactTest -->
